<?xml version="1.0" encoding="UTF-8"?>
<robot generator="Robot 4.1.3 (Python 3.8.1 on win32)" generated="20211222 23:44:31.013" rpa="false" schemaversion="2">
<suite id="s1" name="Suites">
<suite id="s1-s1" name="Login Xl" source="C:\Users\vpandey1\PycharmProjects\robot-framework\Robot-scripts\TestsParallel\login_xl.robot">
<kw name="Open my browser" library="login_resources" type="SETUP">
<kw name="Open Browser" library="SeleniumLibrary">
<arg>${LOGINURL}</arg>
<arg>${BROWSER}</arg>
<doc>Opens a new browser instance to the optional ``url``.</doc>
<msg timestamp="20211222 23:44:33.403" level="INFO">Opening browser 'chrome' to base url 'https://admin-demo.nopcommerce.com/login'.</msg>
<status status="PASS" starttime="20211222 23:44:33.403" endtime="20211222 23:44:36.094"/>
</kw>
<kw name="Maximize Browser Window" library="SeleniumLibrary">
<doc>Maximizes current browser window.</doc>
<status status="PASS" starttime="20211222 23:44:36.094" endtime="20211222 23:44:36.224"/>
</kw>
<status status="PASS" starttime="20211222 23:44:33.403" endtime="20211222 23:44:36.224"/>
</kw>
<test id="s1-s1-t1" name="LoginTestwithExcel admin@yourstore.com">
<kw name="Invalid Login">
<arg>admin@yourstore.com</arg>
<arg>admin9</arg>
<kw name="Input username" library="login_resources">
<arg>${username}</arg>
<kw name="Input Text" library="SeleniumLibrary">
<arg>id:Email</arg>
<arg>${username}</arg>
<doc>Types the given ``text`` into the text field identified by ``locator``.</doc>
<msg timestamp="20211222 23:44:36.232" level="INFO">Typing text 'admin@yourstore.com' into text field 'id:Email'.</msg>
<status status="PASS" starttime="20211222 23:44:36.232" endtime="20211222 23:44:36.331"/>
</kw>
<status status="PASS" starttime="20211222 23:44:36.232" endtime="20211222 23:44:36.331"/>
</kw>
<kw name="Input pwd" library="login_resources">
<arg>${password}</arg>
<kw name="Input Text" library="SeleniumLibrary">
<arg>id:Password</arg>
<arg>${password}</arg>
<doc>Types the given ``text`` into the text field identified by ``locator``.</doc>
<msg timestamp="20211222 23:44:36.331" level="INFO">Typing text 'admin9' into text field 'id:Password'.</msg>
<status status="PASS" starttime="20211222 23:44:36.331" endtime="20211222 23:44:36.403"/>
</kw>
<status status="PASS" starttime="20211222 23:44:36.331" endtime="20211222 23:44:36.403"/>
</kw>
<kw name="Click log in" library="login_resources">
<kw name="Click Button" library="SeleniumLibrary">
<arg>xpath://button[contains(text(),'Log in')]</arg>
<doc>Clicks the button identified by ``locator``.</doc>
<msg timestamp="20211222 23:44:36.410" level="INFO">Clicking button 'xpath://button[contains(text(),'Log in')]'.</msg>
<status status="PASS" starttime="20211222 23:44:36.403" endtime="20211222 23:44:37.073"/>
</kw>
<status status="PASS" starttime="20211222 23:44:36.403" endtime="20211222 23:44:37.073"/>
</kw>
<kw name="Error message should be visible" library="login_resources">
<kw name="Page Should Contain" library="SeleniumLibrary">
<arg>Login was unsuccessful</arg>
<doc>Verifies that current page contains ``text``.</doc>
<msg timestamp="20211222 23:44:37.093" level="INFO">Current page contains text 'Login was unsuccessful'.</msg>
<status status="PASS" starttime="20211222 23:44:37.073" endtime="20211222 23:44:37.093"/>
</kw>
<status status="PASS" starttime="20211222 23:44:37.073" endtime="20211222 23:44:37.093"/>
</kw>
<kw name="Sleep" library="BuiltIn">
<arg>3</arg>
<doc>Pauses the test executed for the given time.</doc>
<msg timestamp="20211222 23:44:40.112" level="INFO">Slept 3 seconds</msg>
<status status="PASS" starttime="20211222 23:44:37.093" endtime="20211222 23:44:40.112"/>
</kw>
<status status="PASS" starttime="20211222 23:44:36.224" endtime="20211222 23:44:40.112"/>
</kw>
<status status="PASS" starttime="20211222 23:44:36.224" endtime="20211222 23:44:40.112"/>
</test>
<test id="s1-s1-t2" name="LoginTestwithExcel admin@yourstore.com">
<kw name="Invalid Login">
<arg>admin@yourstore.com</arg>
<arg>zyx</arg>
<kw name="Input username" library="login_resources">
<arg>${username}</arg>
<kw name="Input Text" library="SeleniumLibrary">
<arg>id:Email</arg>
<arg>${username}</arg>
<doc>Types the given ``text`` into the text field identified by ``locator``.</doc>
<msg timestamp="20211222 23:44:40.124" level="INFO">Typing text 'admin@yourstore.com' into text field 'id:Email'.</msg>
<status status="PASS" starttime="20211222 23:44:40.124" endtime="20211222 23:44:40.196"/>
</kw>
<status status="PASS" starttime="20211222 23:44:40.124" endtime="20211222 23:44:40.196"/>
</kw>
<kw name="Input pwd" library="login_resources">
<arg>${password}</arg>
<kw name="Input Text" library="SeleniumLibrary">
<arg>id:Password</arg>
<arg>${password}</arg>
<doc>Types the given ``text`` into the text field identified by ``locator``.</doc>
<msg timestamp="20211222 23:44:40.203" level="INFO">Typing text 'zyx' into text field 'id:Password'.</msg>
<status status="PASS" starttime="20211222 23:44:40.203" endtime="20211222 23:44:40.278"/>
</kw>
<status status="PASS" starttime="20211222 23:44:40.203" endtime="20211222 23:44:40.283"/>
</kw>
<kw name="Click log in" library="login_resources">
<kw name="Click Button" library="SeleniumLibrary">
<arg>xpath://button[contains(text(),'Log in')]</arg>
<doc>Clicks the button identified by ``locator``.</doc>
<msg timestamp="20211222 23:44:40.283" level="INFO">Clicking button 'xpath://button[contains(text(),'Log in')]'.</msg>
<status status="PASS" starttime="20211222 23:44:40.283" endtime="20211222 23:44:40.942"/>
</kw>
<status status="PASS" starttime="20211222 23:44:40.283" endtime="20211222 23:44:40.942"/>
</kw>
<kw name="Error message should be visible" library="login_resources">
<kw name="Page Should Contain" library="SeleniumLibrary">
<arg>Login was unsuccessful</arg>
<doc>Verifies that current page contains ``text``.</doc>
<msg timestamp="20211222 23:44:40.963" level="INFO">Current page contains text 'Login was unsuccessful'.</msg>
<status status="PASS" starttime="20211222 23:44:40.942" endtime="20211222 23:44:40.963"/>
</kw>
<status status="PASS" starttime="20211222 23:44:40.942" endtime="20211222 23:44:40.963"/>
</kw>
<kw name="Sleep" library="BuiltIn">
<arg>3</arg>
<doc>Pauses the test executed for the given time.</doc>
<msg timestamp="20211222 23:44:43.964" level="INFO">Slept 3 seconds</msg>
<status status="PASS" starttime="20211222 23:44:40.963" endtime="20211222 23:44:43.964"/>
</kw>
<status status="PASS" starttime="20211222 23:44:40.124" endtime="20211222 23:44:43.964"/>
</kw>
<status status="PASS" starttime="20211222 23:44:40.113" endtime="20211222 23:44:43.964"/>
</test>
<test id="s1-s1-t3" name="LoginTestwithExcel adm@yourstore.com">
<kw name="Invalid Login">
<arg>adm@yourstore.com</arg>
<arg>admin</arg>
<kw name="Input username" library="login_resources">
<arg>${username}</arg>
<kw name="Input Text" library="SeleniumLibrary">
<arg>id:Email</arg>
<arg>${username}</arg>
<doc>Types the given ``text`` into the text field identified by ``locator``.</doc>
<msg timestamp="20211222 23:44:43.964" level="INFO">Typing text 'adm@yourstore.com' into text field 'id:Email'.</msg>
<status status="PASS" starttime="20211222 23:44:43.964" endtime="20211222 23:44:44.033"/>
</kw>
<status status="PASS" starttime="20211222 23:44:43.964" endtime="20211222 23:44:44.033"/>
</kw>
<kw name="Input pwd" library="login_resources">
<arg>${password}</arg>
<kw name="Input Text" library="SeleniumLibrary">
<arg>id:Password</arg>
<arg>${password}</arg>
<doc>Types the given ``text`` into the text field identified by ``locator``.</doc>
<msg timestamp="20211222 23:44:44.033" level="INFO">Typing text 'admin' into text field 'id:Password'.</msg>
<status status="PASS" starttime="20211222 23:44:44.033" endtime="20211222 23:44:44.098"/>
</kw>
<status status="PASS" starttime="20211222 23:44:44.033" endtime="20211222 23:44:44.098"/>
</kw>
<kw name="Click log in" library="login_resources">
<kw name="Click Button" library="SeleniumLibrary">
<arg>xpath://button[contains(text(),'Log in')]</arg>
<doc>Clicks the button identified by ``locator``.</doc>
<msg timestamp="20211222 23:44:44.113" level="INFO">Clicking button 'xpath://button[contains(text(),'Log in')]'.</msg>
<status status="PASS" starttime="20211222 23:44:44.113" endtime="20211222 23:44:44.688"/>
</kw>
<status status="PASS" starttime="20211222 23:44:44.113" endtime="20211222 23:44:44.688"/>
</kw>
<kw name="Error message should be visible" library="login_resources">
<kw name="Page Should Contain" library="SeleniumLibrary">
<arg>Login was unsuccessful</arg>
<doc>Verifies that current page contains ``text``.</doc>
<msg timestamp="20211222 23:44:44.704" level="INFO">Current page contains text 'Login was unsuccessful'.</msg>
<status status="PASS" starttime="20211222 23:44:44.696" endtime="20211222 23:44:44.704"/>
</kw>
<status status="PASS" starttime="20211222 23:44:44.688" endtime="20211222 23:44:44.704"/>
</kw>
<kw name="Sleep" library="BuiltIn">
<arg>3</arg>
<doc>Pauses the test executed for the given time.</doc>
<msg timestamp="20211222 23:44:47.713" level="INFO">Slept 3 seconds</msg>
<status status="PASS" starttime="20211222 23:44:44.704" endtime="20211222 23:44:47.713"/>
</kw>
<status status="PASS" starttime="20211222 23:44:43.964" endtime="20211222 23:44:47.713"/>
</kw>
<status status="PASS" starttime="20211222 23:44:43.964" endtime="20211222 23:44:47.713"/>
</test>
<test id="s1-s1-t4" name="LoginTestwithExcel adm@yourstore.com">
<kw name="Invalid Login">
<arg>adm@yourstore.com</arg>
<arg>xyz</arg>
<kw name="Input username" library="login_resources">
<arg>${username}</arg>
<kw name="Input Text" library="SeleniumLibrary">
<arg>id:Email</arg>
<arg>${username}</arg>
<doc>Types the given ``text`` into the text field identified by ``locator``.</doc>
<msg timestamp="20211222 23:44:47.773" level="INFO">Typing text 'adm@yourstore.com' into text field 'id:Email'.</msg>
<status status="PASS" starttime="20211222 23:44:47.763" endtime="20211222 23:44:48.093"/>
</kw>
<status status="PASS" starttime="20211222 23:44:47.763" endtime="20211222 23:44:48.093"/>
</kw>
<kw name="Input pwd" library="login_resources">
<arg>${password}</arg>
<kw name="Input Text" library="SeleniumLibrary">
<arg>id:Password</arg>
<arg>${password}</arg>
<doc>Types the given ``text`` into the text field identified by ``locator``.</doc>
<msg timestamp="20211222 23:44:48.103" level="INFO">Typing text 'xyz' into text field 'id:Password'.</msg>
<status status="PASS" starttime="20211222 23:44:48.103" endtime="20211222 23:44:48.196"/>
</kw>
<status status="PASS" starttime="20211222 23:44:48.093" endtime="20211222 23:44:48.196"/>
</kw>
<kw name="Click log in" library="login_resources">
<kw name="Click Button" library="SeleniumLibrary">
<arg>xpath://button[contains(text(),'Log in')]</arg>
<doc>Clicks the button identified by ``locator``.</doc>
<msg timestamp="20211222 23:44:48.196" level="INFO">Clicking button 'xpath://button[contains(text(),'Log in')]'.</msg>
<status status="PASS" starttime="20211222 23:44:48.196" endtime="20211222 23:44:48.712"/>
</kw>
<status status="PASS" starttime="20211222 23:44:48.196" endtime="20211222 23:44:48.712"/>
</kw>
<kw name="Error message should be visible" library="login_resources">
<kw name="Page Should Contain" library="SeleniumLibrary">
<arg>Login was unsuccessful</arg>
<doc>Verifies that current page contains ``text``.</doc>
<msg timestamp="20211222 23:44:48.733" level="INFO">Current page contains text 'Login was unsuccessful'.</msg>
<status status="PASS" starttime="20211222 23:44:48.712" endtime="20211222 23:44:48.733"/>
</kw>
<status status="PASS" starttime="20211222 23:44:48.712" endtime="20211222 23:44:48.733"/>
</kw>
<kw name="Sleep" library="BuiltIn">
<arg>3</arg>
<doc>Pauses the test executed for the given time.</doc>
<msg timestamp="20211222 23:44:51.742" level="INFO">Slept 3 seconds</msg>
<status status="PASS" starttime="20211222 23:44:48.733" endtime="20211222 23:44:51.742"/>
</kw>
<status status="PASS" starttime="20211222 23:44:47.763" endtime="20211222 23:44:51.742"/>
</kw>
<status status="PASS" starttime="20211222 23:44:47.723" endtime="20211222 23:44:51.742"/>
</test>
<kw name="Close my browser" library="login_resources" type="TEARDOWN">
<kw name="Close All Browsers" library="SeleniumLibrary">
<doc>Closes all open browsers and resets the browser cache.</doc>
<status status="PASS" starttime="20211222 23:44:51.744" endtime="20211222 23:44:53.879"/>
</kw>
<status status="PASS" starttime="20211222 23:44:51.744" endtime="20211222 23:44:53.879"/>
</kw>
<status status="PASS" starttime="20211222 23:44:31.041" endtime="20211222 23:44:53.879"/>
</suite>
<status status="PASS" starttime="20211222 23:44:31.023" endtime="20211222 23:44:53.879"/>
</suite>
<statistics>
<total>
<stat pass="4" fail="0" skip="0">All Tests</stat>
</total>
<tag>
</tag>
<suite>
<stat pass="4" fail="0" skip="0" id="s1" name="Suites">Suites</stat>
<stat pass="4" fail="0" skip="0" id="s1-s1" name="Login Xl">Suites.Login Xl</stat>
</suite>
</statistics>
<errors>
<msg timestamp="20211222 23:44:40.113" level="WARN">Multiple test cases with name 'LoginTestwithExcel admin@yourstore.com' executed in test suite 'Suites.Login Xl'.</msg>
<msg timestamp="20211222 23:44:47.723" level="WARN">Multiple test cases with name 'LoginTestwithExcel adm@yourstore.com' executed in test suite 'Suites.Login Xl'.</msg>
</errors>
</robot>
