<?xml version="1.0" encoding="UTF-8"?>
<robot generator="Robot 4.1.3 (Python 3.8.1 on win32)" generated="20211222 23:44:31.033" rpa="false" schemaversion="2">
<suite id="s1" name="Suites">
<suite id="s1-s1" name="Login Csv" source="C:\Users\vpandey1\PycharmProjects\robot-framework\Robot-scripts\TestsParallel\login_csv.robot">
<kw name="Open my browser" library="login_resources" type="SETUP">
<kw name="Open Browser" library="SeleniumLibrary">
<arg>${LOGINURL}</arg>
<arg>${BROWSER}</arg>
<doc>Opens a new browser instance to the optional ``url``.</doc>
<msg timestamp="20211222 23:44:31.312" level="INFO">Opening browser 'chrome' to base url 'https://admin-demo.nopcommerce.com/login'.</msg>
<status status="PASS" starttime="20211222 23:44:31.312" endtime="20211222 23:44:34.132"/>
</kw>
<kw name="Maximize Browser Window" library="SeleniumLibrary">
<doc>Maximizes current browser window.</doc>
<status status="PASS" starttime="20211222 23:44:34.132" endtime="20211222 23:44:34.258"/>
</kw>
<status status="PASS" starttime="20211222 23:44:31.312" endtime="20211222 23:44:34.258"/>
</kw>
<test id="s1-s1-t1" name="LoginTestwithCSV admin@yourstore.com">
<kw name="Invalid Login">
<arg>admin@yourstore.com</arg>
<arg>adm</arg>
<kw name="Input username" library="login_resources">
<arg>${username}</arg>
<kw name="Input Text" library="SeleniumLibrary">
<arg>id:Email</arg>
<arg>${username}</arg>
<doc>Types the given ``text`` into the text field identified by ``locator``.</doc>
<msg timestamp="20211222 23:44:34.266" level="INFO">Typing text 'admin@yourstore.com' into text field 'id:Email'.</msg>
<status status="PASS" starttime="20211222 23:44:34.266" endtime="20211222 23:44:34.384"/>
</kw>
<status status="PASS" starttime="20211222 23:44:34.266" endtime="20211222 23:44:34.384"/>
</kw>
<kw name="Input pwd" library="login_resources">
<arg>${password}</arg>
<kw name="Input Text" library="SeleniumLibrary">
<arg>id:Password</arg>
<arg>${password}</arg>
<doc>Types the given ``text`` into the text field identified by ``locator``.</doc>
<msg timestamp="20211222 23:44:34.384" level="INFO">Typing text 'adm' into text field 'id:Password'.</msg>
<status status="PASS" starttime="20211222 23:44:34.384" endtime="20211222 23:44:34.483"/>
</kw>
<status status="PASS" starttime="20211222 23:44:34.384" endtime="20211222 23:44:34.483"/>
</kw>
<kw name="Click log in" library="login_resources">
<kw name="Click Button" library="SeleniumLibrary">
<arg>xpath://button[contains(text(),'Log in')]</arg>
<doc>Clicks the button identified by ``locator``.</doc>
<msg timestamp="20211222 23:44:34.483" level="INFO">Clicking button 'xpath://button[contains(text(),'Log in')]'.</msg>
<status status="PASS" starttime="20211222 23:44:34.483" endtime="20211222 23:44:35.092"/>
</kw>
<status status="PASS" starttime="20211222 23:44:34.483" endtime="20211222 23:44:35.092"/>
</kw>
<kw name="Error message should be visible" library="login_resources">
<kw name="Page Should Contain" library="SeleniumLibrary">
<arg>Login was unsuccessful</arg>
<doc>Verifies that current page contains ``text``.</doc>
<msg timestamp="20211222 23:44:35.121" level="INFO">Current page contains text 'Login was unsuccessful'.</msg>
<status status="PASS" starttime="20211222 23:44:35.093" endtime="20211222 23:44:35.121"/>
</kw>
<status status="PASS" starttime="20211222 23:44:35.093" endtime="20211222 23:44:35.122"/>
</kw>
<kw name="Sleep" library="BuiltIn">
<arg>3</arg>
<doc>Pauses the test executed for the given time.</doc>
<msg timestamp="20211222 23:44:38.123" level="INFO">Slept 3 seconds</msg>
<status status="PASS" starttime="20211222 23:44:35.122" endtime="20211222 23:44:38.123"/>
</kw>
<status status="PASS" starttime="20211222 23:44:34.266" endtime="20211222 23:44:38.123"/>
</kw>
<status status="PASS" starttime="20211222 23:44:34.258" endtime="20211222 23:44:38.123"/>
</test>
<test id="s1-s1-t2" name="LoginTestwithCSV admin@yourstore.com">
<kw name="Invalid Login">
<arg>admin@yourstore.com</arg>
<arg>admi</arg>
<kw name="Input username" library="login_resources">
<arg>${username}</arg>
<kw name="Input Text" library="SeleniumLibrary">
<arg>id:Email</arg>
<arg>${username}</arg>
<doc>Types the given ``text`` into the text field identified by ``locator``.</doc>
<msg timestamp="20211222 23:44:38.123" level="INFO">Typing text 'admin@yourstore.com' into text field 'id:Email'.</msg>
<status status="PASS" starttime="20211222 23:44:38.123" endtime="20211222 23:44:38.202"/>
</kw>
<status status="PASS" starttime="20211222 23:44:38.123" endtime="20211222 23:44:38.202"/>
</kw>
<kw name="Input pwd" library="login_resources">
<arg>${password}</arg>
<kw name="Input Text" library="SeleniumLibrary">
<arg>id:Password</arg>
<arg>${password}</arg>
<doc>Types the given ``text`` into the text field identified by ``locator``.</doc>
<msg timestamp="20211222 23:44:38.202" level="INFO">Typing text 'admi' into text field 'id:Password'.</msg>
<status status="PASS" starttime="20211222 23:44:38.202" endtime="20211222 23:44:38.287"/>
</kw>
<status status="PASS" starttime="20211222 23:44:38.202" endtime="20211222 23:44:38.287"/>
</kw>
<kw name="Click log in" library="login_resources">
<kw name="Click Button" library="SeleniumLibrary">
<arg>xpath://button[contains(text(),'Log in')]</arg>
<doc>Clicks the button identified by ``locator``.</doc>
<msg timestamp="20211222 23:44:38.287" level="INFO">Clicking button 'xpath://button[contains(text(),'Log in')]'.</msg>
<status status="PASS" starttime="20211222 23:44:38.287" endtime="20211222 23:44:38.923"/>
</kw>
<status status="PASS" starttime="20211222 23:44:38.287" endtime="20211222 23:44:38.923"/>
</kw>
<kw name="Error message should be visible" library="login_resources">
<kw name="Page Should Contain" library="SeleniumLibrary">
<arg>Login was unsuccessful</arg>
<doc>Verifies that current page contains ``text``.</doc>
<msg timestamp="20211222 23:44:38.953" level="INFO">Current page contains text 'Login was unsuccessful'.</msg>
<status status="PASS" starttime="20211222 23:44:38.933" endtime="20211222 23:44:38.953"/>
</kw>
<status status="PASS" starttime="20211222 23:44:38.923" endtime="20211222 23:44:38.953"/>
</kw>
<kw name="Sleep" library="BuiltIn">
<arg>3</arg>
<doc>Pauses the test executed for the given time.</doc>
<msg timestamp="20211222 23:44:41.963" level="INFO">Slept 3 seconds</msg>
<status status="PASS" starttime="20211222 23:44:38.953" endtime="20211222 23:44:41.963"/>
</kw>
<status status="PASS" starttime="20211222 23:44:38.123" endtime="20211222 23:44:41.963"/>
</kw>
<status status="PASS" starttime="20211222 23:44:38.123" endtime="20211222 23:44:41.963"/>
</test>
<test id="s1-s1-t3" name="LoginTestwithCSV adm@yourstore.com">
<kw name="Invalid Login">
<arg>adm@yourstore.com</arg>
<arg>admin</arg>
<kw name="Input username" library="login_resources">
<arg>${username}</arg>
<kw name="Input Text" library="SeleniumLibrary">
<arg>id:Email</arg>
<arg>${username}</arg>
<doc>Types the given ``text`` into the text field identified by ``locator``.</doc>
<msg timestamp="20211222 23:44:41.968" level="INFO">Typing text 'adm@yourstore.com' into text field 'id:Email'.</msg>
<status status="PASS" starttime="20211222 23:44:41.968" endtime="20211222 23:44:42.048"/>
</kw>
<status status="PASS" starttime="20211222 23:44:41.968" endtime="20211222 23:44:42.048"/>
</kw>
<kw name="Input pwd" library="login_resources">
<arg>${password}</arg>
<kw name="Input Text" library="SeleniumLibrary">
<arg>id:Password</arg>
<arg>${password}</arg>
<doc>Types the given ``text`` into the text field identified by ``locator``.</doc>
<msg timestamp="20211222 23:44:42.048" level="INFO">Typing text 'admin' into text field 'id:Password'.</msg>
<status status="PASS" starttime="20211222 23:44:42.048" endtime="20211222 23:44:42.134"/>
</kw>
<status status="PASS" starttime="20211222 23:44:42.048" endtime="20211222 23:44:42.134"/>
</kw>
<kw name="Click log in" library="login_resources">
<kw name="Click Button" library="SeleniumLibrary">
<arg>xpath://button[contains(text(),'Log in')]</arg>
<doc>Clicks the button identified by ``locator``.</doc>
<msg timestamp="20211222 23:44:42.134" level="INFO">Clicking button 'xpath://button[contains(text(),'Log in')]'.</msg>
<status status="PASS" starttime="20211222 23:44:42.134" endtime="20211222 23:44:43.886"/>
</kw>
<status status="PASS" starttime="20211222 23:44:42.134" endtime="20211222 23:44:43.886"/>
</kw>
<kw name="Error message should be visible" library="login_resources">
<kw name="Page Should Contain" library="SeleniumLibrary">
<arg>Login was unsuccessful</arg>
<doc>Verifies that current page contains ``text``.</doc>
<msg timestamp="20211222 23:44:43.902" level="INFO">Current page contains text 'Login was unsuccessful'.</msg>
<status status="PASS" starttime="20211222 23:44:43.886" endtime="20211222 23:44:43.902"/>
</kw>
<status status="PASS" starttime="20211222 23:44:43.886" endtime="20211222 23:44:43.902"/>
</kw>
<kw name="Sleep" library="BuiltIn">
<arg>3</arg>
<doc>Pauses the test executed for the given time.</doc>
<msg timestamp="20211222 23:44:46.904" level="INFO">Slept 3 seconds</msg>
<status status="PASS" starttime="20211222 23:44:43.902" endtime="20211222 23:44:46.904"/>
</kw>
<status status="PASS" starttime="20211222 23:44:41.968" endtime="20211222 23:44:46.904"/>
</kw>
<status status="PASS" starttime="20211222 23:44:41.963" endtime="20211222 23:44:46.904"/>
</test>
<kw name="Close my browser" library="login_resources" type="TEARDOWN">
<kw name="Close All Browsers" library="SeleniumLibrary">
<doc>Closes all open browsers and resets the browser cache.</doc>
<status status="PASS" starttime="20211222 23:44:46.913" endtime="20211222 23:44:49.103"/>
</kw>
<status status="PASS" starttime="20211222 23:44:46.913" endtime="20211222 23:44:49.103"/>
</kw>
<status status="PASS" starttime="20211222 23:44:31.065" endtime="20211222 23:44:49.103"/>
</suite>
<status status="PASS" starttime="20211222 23:44:31.041" endtime="20211222 23:44:49.103"/>
</suite>
<statistics>
<total>
<stat pass="3" fail="0" skip="0">All Tests</stat>
</total>
<tag>
</tag>
<suite>
<stat pass="3" fail="0" skip="0" id="s1" name="Suites">Suites</stat>
<stat pass="3" fail="0" skip="0" id="s1-s1" name="Login Csv">Suites.Login Csv</stat>
</suite>
</statistics>
<errors>
<msg timestamp="20211222 23:44:38.123" level="WARN">Multiple test cases with name 'LoginTestwithCSV admin@yourstore.com' executed in test suite 'Suites.Login Csv'.</msg>
</errors>
</robot>
