<?xml version="1.0" encoding="UTF-8"?>
<robot generator="Robot 4.1.3 (Python 3.8.1 on win32)" generated="20211222 23:44:30.984" rpa="false" schemaversion="2">
<suite id="s1" name="Suites">
<suite id="s1-s1" name="Login" source="C:\Users\vpandey1\PycharmProjects\robot-framework\Robot-scripts\TestsParallel\login.robot">
<kw name="Open my browser" library="login_resources" type="SETUP">
<kw name="Open Browser" library="SeleniumLibrary">
<arg>${LOGINURL}</arg>
<arg>${BROWSER}</arg>
<doc>Opens a new browser instance to the optional ``url``.</doc>
<msg timestamp="20211222 23:44:31.238" level="INFO">Opening browser 'chrome' to base url 'https://admin-demo.nopcommerce.com/login'.</msg>
<status status="PASS" starttime="20211222 23:44:31.238" endtime="20211222 23:44:33.956"/>
</kw>
<kw name="Maximize Browser Window" library="SeleniumLibrary">
<doc>Maximizes current browser window.</doc>
<status status="PASS" starttime="20211222 23:44:33.956" endtime="20211222 23:44:34.073"/>
</kw>
<status status="PASS" starttime="20211222 23:44:31.238" endtime="20211222 23:44:34.073"/>
</kw>
<test id="s1-s1-t1" name="Right user empty pass">
<kw name="Invalid Login">
<arg>admin@yourstore.com</arg>
<arg>${EMPTY}</arg>
<kw name="Input username" library="login_resources">
<arg>${username}</arg>
<kw name="Input Text" library="SeleniumLibrary">
<arg>id:Email</arg>
<arg>${username}</arg>
<doc>Types the given ``text`` into the text field identified by ``locator``.</doc>
<msg timestamp="20211222 23:44:34.083" level="INFO">Typing text 'admin@yourstore.com' into text field 'id:Email'.</msg>
<status status="PASS" starttime="20211222 23:44:34.083" endtime="20211222 23:44:34.234"/>
</kw>
<status status="PASS" starttime="20211222 23:44:34.080" endtime="20211222 23:44:34.234"/>
</kw>
<kw name="Input pwd" library="login_resources">
<arg>${password}</arg>
<kw name="Input Text" library="SeleniumLibrary">
<arg>id:Password</arg>
<arg>${password}</arg>
<doc>Types the given ``text`` into the text field identified by ``locator``.</doc>
<msg timestamp="20211222 23:44:34.242" level="INFO">Typing text '' into text field 'id:Password'.</msg>
<status status="PASS" starttime="20211222 23:44:34.234" endtime="20211222 23:44:34.347"/>
</kw>
<status status="PASS" starttime="20211222 23:44:34.234" endtime="20211222 23:44:34.347"/>
</kw>
<kw name="Click log in" library="login_resources">
<kw name="Click Button" library="SeleniumLibrary">
<arg>xpath://button[contains(text(),'Log in')]</arg>
<doc>Clicks the button identified by ``locator``.</doc>
<msg timestamp="20211222 23:44:34.347" level="INFO">Clicking button 'xpath://button[contains(text(),'Log in')]'.</msg>
<status status="PASS" starttime="20211222 23:44:34.347" endtime="20211222 23:44:35.044"/>
</kw>
<status status="PASS" starttime="20211222 23:44:34.347" endtime="20211222 23:44:35.044"/>
</kw>
<kw name="Error message should be visible" library="login_resources">
<kw name="Page Should Contain" library="SeleniumLibrary">
<arg>Login was unsuccessful</arg>
<doc>Verifies that current page contains ``text``.</doc>
<msg timestamp="20211222 23:44:35.092" level="INFO">Current page contains text 'Login was unsuccessful'.</msg>
<status status="PASS" starttime="20211222 23:44:35.049" endtime="20211222 23:44:35.092"/>
</kw>
<status status="PASS" starttime="20211222 23:44:35.044" endtime="20211222 23:44:35.093"/>
</kw>
<kw name="Sleep" library="BuiltIn">
<arg>3</arg>
<doc>Pauses the test executed for the given time.</doc>
<msg timestamp="20211222 23:44:38.101" level="INFO">Slept 3 seconds</msg>
<status status="PASS" starttime="20211222 23:44:35.093" endtime="20211222 23:44:38.101"/>
</kw>
<status status="PASS" starttime="20211222 23:44:34.073" endtime="20211222 23:44:38.101"/>
</kw>
<status status="PASS" starttime="20211222 23:44:34.073" endtime="20211222 23:44:38.101"/>
</test>
<test id="s1-s1-t2" name="Right user wrong pass">
<kw name="Invalid Login">
<arg>admin@yourstore.com</arg>
<arg>admi</arg>
<kw name="Input username" library="login_resources">
<arg>${username}</arg>
<kw name="Input Text" library="SeleniumLibrary">
<arg>id:Email</arg>
<arg>${username}</arg>
<doc>Types the given ``text`` into the text field identified by ``locator``.</doc>
<msg timestamp="20211222 23:44:38.101" level="INFO">Typing text 'admin@yourstore.com' into text field 'id:Email'.</msg>
<status status="PASS" starttime="20211222 23:44:38.101" endtime="20211222 23:44:38.183"/>
</kw>
<status status="PASS" starttime="20211222 23:44:38.101" endtime="20211222 23:44:38.183"/>
</kw>
<kw name="Input pwd" library="login_resources">
<arg>${password}</arg>
<kw name="Input Text" library="SeleniumLibrary">
<arg>id:Password</arg>
<arg>${password}</arg>
<doc>Types the given ``text`` into the text field identified by ``locator``.</doc>
<msg timestamp="20211222 23:44:38.183" level="INFO">Typing text 'admi' into text field 'id:Password'.</msg>
<status status="PASS" starttime="20211222 23:44:38.183" endtime="20211222 23:44:38.263"/>
</kw>
<status status="PASS" starttime="20211222 23:44:38.183" endtime="20211222 23:44:38.263"/>
</kw>
<kw name="Click log in" library="login_resources">
<kw name="Click Button" library="SeleniumLibrary">
<arg>xpath://button[contains(text(),'Log in')]</arg>
<doc>Clicks the button identified by ``locator``.</doc>
<msg timestamp="20211222 23:44:38.263" level="INFO">Clicking button 'xpath://button[contains(text(),'Log in')]'.</msg>
<status status="PASS" starttime="20211222 23:44:38.263" endtime="20211222 23:44:39.953"/>
</kw>
<status status="PASS" starttime="20211222 23:44:38.263" endtime="20211222 23:44:39.953"/>
</kw>
<kw name="Error message should be visible" library="login_resources">
<kw name="Page Should Contain" library="SeleniumLibrary">
<arg>Login was unsuccessful</arg>
<doc>Verifies that current page contains ``text``.</doc>
<msg timestamp="20211222 23:44:39.970" level="INFO">Current page contains text 'Login was unsuccessful'.</msg>
<status status="PASS" starttime="20211222 23:44:39.953" endtime="20211222 23:44:39.970"/>
</kw>
<status status="PASS" starttime="20211222 23:44:39.953" endtime="20211222 23:44:39.970"/>
</kw>
<kw name="Sleep" library="BuiltIn">
<arg>3</arg>
<doc>Pauses the test executed for the given time.</doc>
<msg timestamp="20211222 23:44:42.978" level="INFO">Slept 3 seconds</msg>
<status status="PASS" starttime="20211222 23:44:39.970" endtime="20211222 23:44:42.978"/>
</kw>
<status status="PASS" starttime="20211222 23:44:38.101" endtime="20211222 23:44:42.978"/>
</kw>
<status status="PASS" starttime="20211222 23:44:38.101" endtime="20211222 23:44:42.978"/>
</test>
<test id="s1-s1-t3" name="Wrong user right pass">
<kw name="Invalid Login">
<arg>adm@yourstore.com</arg>
<arg>admin</arg>
<kw name="Input username" library="login_resources">
<arg>${username}</arg>
<kw name="Input Text" library="SeleniumLibrary">
<arg>id:Email</arg>
<arg>${username}</arg>
<doc>Types the given ``text`` into the text field identified by ``locator``.</doc>
<msg timestamp="20211222 23:44:42.978" level="INFO">Typing text 'adm@yourstore.com' into text field 'id:Email'.</msg>
<status status="PASS" starttime="20211222 23:44:42.978" endtime="20211222 23:44:43.063"/>
</kw>
<status status="PASS" starttime="20211222 23:44:42.978" endtime="20211222 23:44:43.063"/>
</kw>
<kw name="Input pwd" library="login_resources">
<arg>${password}</arg>
<kw name="Input Text" library="SeleniumLibrary">
<arg>id:Password</arg>
<arg>${password}</arg>
<doc>Types the given ``text`` into the text field identified by ``locator``.</doc>
<msg timestamp="20211222 23:44:43.063" level="INFO">Typing text 'admin' into text field 'id:Password'.</msg>
<status status="PASS" starttime="20211222 23:44:43.063" endtime="20211222 23:44:43.151"/>
</kw>
<status status="PASS" starttime="20211222 23:44:43.063" endtime="20211222 23:44:43.151"/>
</kw>
<kw name="Click log in" library="login_resources">
<kw name="Click Button" library="SeleniumLibrary">
<arg>xpath://button[contains(text(),'Log in')]</arg>
<doc>Clicks the button identified by ``locator``.</doc>
<msg timestamp="20211222 23:44:43.151" level="INFO">Clicking button 'xpath://button[contains(text(),'Log in')]'.</msg>
<status status="PASS" starttime="20211222 23:44:43.151" endtime="20211222 23:44:43.772"/>
</kw>
<status status="PASS" starttime="20211222 23:44:43.151" endtime="20211222 23:44:43.784"/>
</kw>
<kw name="Error message should be visible" library="login_resources">
<kw name="Page Should Contain" library="SeleniumLibrary">
<arg>Login was unsuccessful</arg>
<doc>Verifies that current page contains ``text``.</doc>
<msg timestamp="20211222 23:44:43.801" level="INFO">Current page contains text 'Login was unsuccessful'.</msg>
<status status="PASS" starttime="20211222 23:44:43.784" endtime="20211222 23:44:43.801"/>
</kw>
<status status="PASS" starttime="20211222 23:44:43.784" endtime="20211222 23:44:43.801"/>
</kw>
<kw name="Sleep" library="BuiltIn">
<arg>3</arg>
<doc>Pauses the test executed for the given time.</doc>
<msg timestamp="20211222 23:44:46.814" level="INFO">Slept 3 seconds</msg>
<status status="PASS" starttime="20211222 23:44:43.801" endtime="20211222 23:44:46.814"/>
</kw>
<status status="PASS" starttime="20211222 23:44:42.978" endtime="20211222 23:44:46.815"/>
</kw>
<status status="PASS" starttime="20211222 23:44:42.978" endtime="20211222 23:44:46.816"/>
</test>
<test id="s1-s1-t4" name="Wrong user empty pass">
<kw name="Invalid Login">
<arg>adm@yourstore.com</arg>
<arg>${EMPTY}</arg>
<kw name="Input username" library="login_resources">
<arg>${username}</arg>
<kw name="Input Text" library="SeleniumLibrary">
<arg>id:Email</arg>
<arg>${username}</arg>
<doc>Types the given ``text`` into the text field identified by ``locator``.</doc>
<msg timestamp="20211222 23:44:46.824" level="INFO">Typing text 'adm@yourstore.com' into text field 'id:Email'.</msg>
<status status="PASS" starttime="20211222 23:44:46.824" endtime="20211222 23:44:47.000"/>
</kw>
<status status="PASS" starttime="20211222 23:44:46.822" endtime="20211222 23:44:47.008"/>
</kw>
<kw name="Input pwd" library="login_resources">
<arg>${password}</arg>
<kw name="Input Text" library="SeleniumLibrary">
<arg>id:Password</arg>
<arg>${password}</arg>
<doc>Types the given ``text`` into the text field identified by ``locator``.</doc>
<msg timestamp="20211222 23:44:47.008" level="INFO">Typing text '' into text field 'id:Password'.</msg>
<status status="PASS" starttime="20211222 23:44:47.008" endtime="20211222 23:44:47.094"/>
</kw>
<status status="PASS" starttime="20211222 23:44:47.008" endtime="20211222 23:44:47.094"/>
</kw>
<kw name="Click log in" library="login_resources">
<kw name="Click Button" library="SeleniumLibrary">
<arg>xpath://button[contains(text(),'Log in')]</arg>
<doc>Clicks the button identified by ``locator``.</doc>
<msg timestamp="20211222 23:44:47.094" level="INFO">Clicking button 'xpath://button[contains(text(),'Log in')]'.</msg>
<status status="PASS" starttime="20211222 23:44:47.094" endtime="20211222 23:44:47.643"/>
</kw>
<status status="PASS" starttime="20211222 23:44:47.094" endtime="20211222 23:44:47.643"/>
</kw>
<kw name="Error message should be visible" library="login_resources">
<kw name="Page Should Contain" library="SeleniumLibrary">
<arg>Login was unsuccessful</arg>
<doc>Verifies that current page contains ``text``.</doc>
<msg timestamp="20211222 23:44:47.653" level="INFO">Current page contains text 'Login was unsuccessful'.</msg>
<status status="PASS" starttime="20211222 23:44:47.643" endtime="20211222 23:44:47.653"/>
</kw>
<status status="PASS" starttime="20211222 23:44:47.643" endtime="20211222 23:44:47.653"/>
</kw>
<kw name="Sleep" library="BuiltIn">
<arg>3</arg>
<doc>Pauses the test executed for the given time.</doc>
<msg timestamp="20211222 23:44:50.654" level="INFO">Slept 3 seconds</msg>
<status status="PASS" starttime="20211222 23:44:47.653" endtime="20211222 23:44:50.654"/>
</kw>
<status status="PASS" starttime="20211222 23:44:46.820" endtime="20211222 23:44:50.654"/>
</kw>
<status status="PASS" starttime="20211222 23:44:46.819" endtime="20211222 23:44:50.654"/>
</test>
<test id="s1-s1-t5" name="Wrong user wrong pass">
<kw name="Invalid Login">
<arg>adm@yourstore.com</arg>
<arg>adm</arg>
<kw name="Input username" library="login_resources">
<arg>${username}</arg>
<kw name="Input Text" library="SeleniumLibrary">
<arg>id:Email</arg>
<arg>${username}</arg>
<doc>Types the given ``text`` into the text field identified by ``locator``.</doc>
<msg timestamp="20211222 23:44:50.663" level="INFO">Typing text 'adm@yourstore.com' into text field 'id:Email'.</msg>
<status status="PASS" starttime="20211222 23:44:50.663" endtime="20211222 23:44:50.761"/>
</kw>
<status status="PASS" starttime="20211222 23:44:50.654" endtime="20211222 23:44:50.761"/>
</kw>
<kw name="Input pwd" library="login_resources">
<arg>${password}</arg>
<kw name="Input Text" library="SeleniumLibrary">
<arg>id:Password</arg>
<arg>${password}</arg>
<doc>Types the given ``text`` into the text field identified by ``locator``.</doc>
<msg timestamp="20211222 23:44:50.761" level="INFO">Typing text 'adm' into text field 'id:Password'.</msg>
<status status="PASS" starttime="20211222 23:44:50.761" endtime="20211222 23:44:50.814"/>
</kw>
<status status="PASS" starttime="20211222 23:44:50.761" endtime="20211222 23:44:50.814"/>
</kw>
<kw name="Click log in" library="login_resources">
<kw name="Click Button" library="SeleniumLibrary">
<arg>xpath://button[contains(text(),'Log in')]</arg>
<doc>Clicks the button identified by ``locator``.</doc>
<msg timestamp="20211222 23:44:50.823" level="INFO">Clicking button 'xpath://button[contains(text(),'Log in')]'.</msg>
<status status="PASS" starttime="20211222 23:44:50.814" endtime="20211222 23:44:51.380"/>
</kw>
<status status="PASS" starttime="20211222 23:44:50.814" endtime="20211222 23:44:51.380"/>
</kw>
<kw name="Error message should be visible" library="login_resources">
<kw name="Page Should Contain" library="SeleniumLibrary">
<arg>Login was unsuccessful</arg>
<doc>Verifies that current page contains ``text``.</doc>
<msg timestamp="20211222 23:44:51.396" level="INFO">Current page contains text 'Login was unsuccessful'.</msg>
<status status="PASS" starttime="20211222 23:44:51.380" endtime="20211222 23:44:51.396"/>
</kw>
<status status="PASS" starttime="20211222 23:44:51.380" endtime="20211222 23:44:51.396"/>
</kw>
<kw name="Sleep" library="BuiltIn">
<arg>3</arg>
<doc>Pauses the test executed for the given time.</doc>
<msg timestamp="20211222 23:44:54.399" level="INFO">Slept 3 seconds</msg>
<status status="PASS" starttime="20211222 23:44:51.396" endtime="20211222 23:44:54.399"/>
</kw>
<status status="PASS" starttime="20211222 23:44:50.654" endtime="20211222 23:44:54.399"/>
</kw>
<status status="PASS" starttime="20211222 23:44:50.654" endtime="20211222 23:44:54.399"/>
</test>
<kw name="Close my browser" library="login_resources" type="TEARDOWN">
<kw name="Close All Browsers" library="SeleniumLibrary">
<doc>Closes all open browsers and resets the browser cache.</doc>
<status status="PASS" starttime="20211222 23:44:54.399" endtime="20211222 23:44:56.573"/>
</kw>
<status status="PASS" starttime="20211222 23:44:54.399" endtime="20211222 23:44:56.573"/>
</kw>
<status status="PASS" starttime="20211222 23:44:31.023" endtime="20211222 23:44:56.573"/>
</suite>
<status status="PASS" starttime="20211222 23:44:31.002" endtime="20211222 23:44:56.589"/>
</suite>
<statistics>
<total>
<stat pass="5" fail="0" skip="0">All Tests</stat>
</total>
<tag>
</tag>
<suite>
<stat pass="5" fail="0" skip="0" id="s1" name="Suites">Suites</stat>
<stat pass="5" fail="0" skip="0" id="s1-s1" name="Login">Suites.Login</stat>
</suite>
</statistics>
<errors>
</errors>
</robot>
